<?xml version="1.0" encoding="UTF-8"?>
<!-- Generated by org.testng.reporters.JUnitReportReporter -->
<testsuite hostname="Avinashs-MacBook-Pro.local" failures="1" tests="13" name="com.runner.RunnerTest" time="62.813" errors="1" timestamp="2022-08-20T12:42:22 IST" skipped="0">
  <testcase classname="com.runner.RunnerTest" name="runScenario" time="5.322"/>
  <system-out/>
  <testcase classname="com.runner.RunnerTest" name="runScenario" time="12.207">
    <error message="no such element: Unable to locate element: {&quot;method&quot;:&quot;xpath&quot;,&quot;selector&quot;:&quot;//div[@class=&#039;sort-sortBy&#039;]/span[contains(text(),&#039;Popularity&#039;)]&quot;}
  (Session info: chrome=104.0.5112.101)
For documentation on this error, please visit: https://selenium.dev/exceptions/#no_such_element
Build info: version: &#039;4.3.0&#039;, revision: &#039;a4995e2c09*&#039;
System info: host: &#039;Avinashs-MacBook-Pro.local&#039;, ip: &#039;127.0.0.1&#039;, os.name: &#039;Mac OS X&#039;, os.arch: &#039;x86_64&#039;, os.version: &#039;10.15.7&#039;, java.version: &#039;14.0.2&#039;
Driver info: org.openqa.selenium.chrome.ChromeDriver
Command: [473de437f3ecc0e2bdcc1cf82f77308f, findElement {using=xpath, value=//div[@class=&#039;sort-sortBy&#039;]/span[contains(text(),&#039;Popularity&#039;)]}]
Capabilities {acceptInsecureCerts: false, browserName: chrome, browserVersion: 104.0.5112.101, chrome: {chromedriverVersion: 104.0.5112.79 (3cf3e8c8a07d..., userDataDir: /var/folders/v9/w_jzhx_d0r3...}, goog:chromeOptions: {debuggerAddress: localhost:51761}, networkConnectionEnabled: false, pageLoadStrategy: normal, platformName: MAC, proxy: Proxy(), se:cdp: ws://localhost:51761/devtoo..., se:cdpVersion: 104.0.5112.101, setWindowRect: true, strictFileInteractability: false, timeouts: {implicit: 0, pageLoad: 300000, script: 30000}, unhandledPromptBehavior: dismiss and notify, webauthn:extension:credBlob: true, webauthn:extension:largeBlob: true, webauthn:virtualAuthenticators: true}
Session ID: 473de437f3ecc0e2bdcc1cf82f77308f" type="org.openqa.selenium.NoSuchElementException">
      <![CDATA[org.openqa.selenium.NoSuchElementException: no such element: Unable to locate element: {"method":"xpath","selector":"//div[@class='sort-sortBy']/span[contains(text(),'Popularity')]"}
  (Session info: chrome=104.0.5112.101)
For documentation on this error, please visit: https://selenium.dev/exceptions/#no_such_element
Build info: version: '4.3.0', revision: 'a4995e2c09*'
System info: host: 'Avinashs-MacBook-Pro.local', ip: '127.0.0.1', os.name: 'Mac OS X', os.arch: 'x86_64', os.version: '10.15.7', java.version: '14.0.2'
Driver info: org.openqa.selenium.chrome.ChromeDriver
Command: [473de437f3ecc0e2bdcc1cf82f77308f, findElement {using=xpath, value=//div[@class='sort-sortBy']/span[contains(text(),'Popularity')]}]
Capabilities {acceptInsecureCerts: false, browserName: chrome, browserVersion: 104.0.5112.101, chrome: {chromedriverVersion: 104.0.5112.79 (3cf3e8c8a07d..., userDataDir: /var/folders/v9/w_jzhx_d0r3...}, goog:chromeOptions: {debuggerAddress: localhost:51761}, networkConnectionEnabled: false, pageLoadStrategy: normal, platformName: MAC, proxy: Proxy(), se:cdp: ws://localhost:51761/devtoo..., se:cdpVersion: 104.0.5112.101, setWindowRect: true, strictFileInteractability: false, timeouts: {implicit: 0, pageLoad: 300000, script: 30000}, unhandledPromptBehavior: dismiss and notify, webauthn:extension:credBlob: true, webauthn:extension:largeBlob: true, webauthn:virtualAuthenticators: true}
Session ID: 473de437f3ecc0e2bdcc1cf82f77308f
at java.base/jdk.internal.reflect.NativeConstructorAccessorImpl.newInstance0(Native Method)
at java.base/jdk.internal.reflect.NativeConstructorAccessorImpl.newInstance(NativeConstructorAccessorImpl.java:62)
at java.base/jdk.internal.reflect.DelegatingConstructorAccessorImpl.newInstance(DelegatingConstructorAccessorImpl.java:45)
at java.base/java.lang.reflect.Constructor.newInstanceWithCaller(Constructor.java:500)
at java.base/java.lang.reflect.Constructor.newInstance(Constructor.java:481)
at org.openqa.selenium.remote.codec.w3c.W3CHttpResponseCodec.createException(W3CHttpResponseCodec.java:200)
at org.openqa.selenium.remote.codec.w3c.W3CHttpResponseCodec.decode(W3CHttpResponseCodec.java:133)
at org.openqa.selenium.remote.codec.w3c.W3CHttpResponseCodec.decode(W3CHttpResponseCodec.java:53)
at org.openqa.selenium.remote.HttpCommandExecutor.execute(HttpCommandExecutor.java:184)
at org.openqa.selenium.remote.service.DriverCommandExecutor.invokeExecute(DriverCommandExecutor.java:167)
at org.openqa.selenium.remote.service.DriverCommandExecutor.execute(DriverCommandExecutor.java:142)
at org.openqa.selenium.remote.RemoteWebDriver.execute(RemoteWebDriver.java:569)
at org.openqa.selenium.remote.ElementLocation$ElementFinder$2.findElement(ElementLocation.java:162)
at org.openqa.selenium.remote.ElementLocation.findElement(ElementLocation.java:60)
at org.openqa.selenium.remote.RemoteWebDriver.findElement(RemoteWebDriver.java:387)
at org.openqa.selenium.remote.RemoteWebDriver.findElement(RemoteWebDriver.java:379)
at org.openqa.selenium.support.pagefactory.DefaultElementLocator.findElement(DefaultElementLocator.java:70)
at org.openqa.selenium.support.pagefactory.internal.LocatingElementHandler.invoke(LocatingElementHandler.java:39)
at com.sun.proxy.$Proxy26.click(Unknown Source)
at com.iris22a.keywords.UIKeyword.click(UIKeyword.java:185)
at com.iris22a.pages.MenTShirtsPage.selectPopularityFilter(MenTShirtsPage.java:30)
at com.iris22a.stepdefinition.ProductsSteps.selectPopularityFilter(ProductsSteps.java:59)
at ✽.user selects popularity filter(file:///Volumes/BOOTCAMP/Testing%20Shastra/Iris22A/iris22a/src/test/resources/Features/Products.feature:12)
]]>
    </error>
  </testcase> <!-- runScenario -->
  <system-out/>
  <testcase classname="com.runner.RunnerTest" name="runScenario" time="2.607"/>
  <system-out/>
  <testcase classname="com.runner.RunnerTest" name="runScenario" time="2.602"/>
  <system-out/>
  <testcase classname="com.runner.RunnerTest" name="runScenario" time="5.813"/>
  <system-out/>
  <testcase classname="com.runner.RunnerTest" name="runScenario" time="3.135"/>
  <system-out/>
  <testcase classname="com.runner.RunnerTest" name="runScenario" time="14.954">
    <failure message="Product is mismatch: Allen Solly Junior expected [true] but found [false]" type="java.lang.AssertionError">
      <![CDATA[java.lang.AssertionError: Product is mismatch: Allen Solly Junior expected [true] but found [false]
at org.testng.Assert.fail(Assert.java:97)
at org.testng.Assert.failNotEquals(Assert.java:969)
at org.testng.Assert.assertTrue(Assert.java:43)
at com.iris22a.stepdefinition.ProductsSteps.verifyAllResults(ProductsSteps.java:38)
at ✽.all results should be related to polo(file:///Volumes/BOOTCAMP/Testing%20Shastra/Iris22A/iris22a/src/test/resources/Features/Products.feature:6)
]]>
    </failure>
  </testcase> <!-- runScenario -->
  <system-out/>
  <testcase classname="com.runner.RunnerTest" name="runScenario" time="2.564"/>
  <system-out/>
  <testcase classname="com.runner.RunnerTest" name="runScenario" time="2.653"/>
  <system-out/>
  <testcase classname="com.runner.RunnerTest" name="runScenario" time="2.676"/>
  <system-out/>
  <testcase classname="com.runner.RunnerTest" name="runScenario" time="2.819"/>
  <system-out/>
  <testcase classname="com.runner.RunnerTest" name="runScenario" time="2.628"/>
  <system-out/>
  <testcase classname="com.runner.RunnerTest" name="runScenario" time="2.833"/>
  <system-out/>
</testsuite> <!-- com.runner.RunnerTest -->
